::1 - - [20/Feb/2021:08:02:37 +0000] "GET /api/ HTTP/1.1" 404 143 "-" "PostmanRuntime/7.26.10"
::1 - - [20/Feb/2021:08:03:02 +0000] "GET /api/driver HTTP/1.1" 404 149 "-" "PostmanRuntime/7.26.10"
::1 - - [20/Feb/2021:08:10:50 +0000] "GET /db/geo/driver/1 HTTP/1.1" 404 154 "-" "PostmanRuntime/7.26.10"
::1 - - [20/Feb/2021:08:10:58 +0000] "GET /db/geo/driver/ HTTP/1.1" 404 153 "-" "PostmanRuntime/7.26.10"
::1 - - [20/Feb/2021:08:11:10 +0000] "GET / HTTP/1.1" 404 139 "-" "PostmanRuntime/7.26.10"
::1 - - [20/Feb/2021:08:12:09 +0000] "GET /db/geo/driver/ HTTP/1.1" 404 153 "-" "PostmanRuntime/7.26.10"
::1 - - [20/Feb/2021:08:12:18 +0000] "POST /db/geo/driver/ HTTP/1.1" 404 154 "-" "PostmanRuntime/7.26.10"
::1 - - [20/Feb/2021:08:12:25 +0000] "GET /db/geo/driver/ HTTP/1.1" 404 153 "-" "PostmanRuntime/7.26.10"
::1 - - [20/Feb/2021:08:13:20 +0000] "GET /db/geo/driver/ HTTP/1.1" 404 153 "-" "PostmanRuntime/7.26.10"
::1 - - [20/Feb/2021:08:16:19 +0000] "GET /db/geo/driver/ HTTP/1.1" 404 153 "-" "PostmanRuntime/7.26.10"
::1 - - [20/Feb/2021:08:18:21 +0000] "GET /db/geo/driver/ HTTP/1.1" - - "-" "PostmanRuntime/7.26.10"
::1 - - [20/Feb/2021:08:18:23 +0000] "GET /db/geo/driver/ HTTP/1.1" - - "-" "PostmanRuntime/7.26.10"
::1 - - [20/Feb/2021:08:19:13 +0000] "GET /db/geo/driver/ HTTP/1.1" 200 41 "-" "PostmanRuntime/7.26.10"
::1 - - [20/Feb/2021:08:32:38 +0000] "GET /db/geo/driver/ HTTP/1.1" 200 41 "-" "PostmanRuntime/7.26.10"
::1 - - [20/Feb/2021:10:30:21 +0000] "GET /db/geo/driver/ HTTP/1.1" 500 1539 "-" "PostmanRuntime/7.26.10"
::1 - - [20/Feb/2021:10:36:38 +0000] "GET /db/geo/driver/ HTTP/1.1" 500 1539 "-" "PostmanRuntime/7.26.10"
::1 - - [20/Feb/2021:10:38:01 +0000] "GET /db/geo/driver/ HTTP/1.1" 200 41 "-" "PostmanRuntime/7.26.10"
::1 - - [20/Feb/2021:10:39:14 +0000] "GET /db/geo/driver/ HTTP/1.1" 200 41 "-" "PostmanRuntime/7.26.10"
::1 - - [20/Feb/2021:10:40:26 +0000] "GET /db/geo/driver/ HTTP/1.1" 200 41 "-" "PostmanRuntime/7.26.10"
::1 - - [20/Feb/2021:10:41:56 +0000] "GET /db/geo/driver/ HTTP/1.1" 200 41 "-" "PostmanRuntime/7.26.10"
::1 - - [20/Feb/2021:10:42:13 +0000] "GET /db/geo/driver/ HTTP/1.1" 200 41 "-" "PostmanRuntime/7.26.10"
::1 - - [20/Feb/2021:10:43:44 +0000] "GET /db/geo/driver/ HTTP/1.1" 200 41 "-" "PostmanRuntime/7.26.10"
::1 - - [20/Feb/2021:10:44:17 +0000] "GET /db/geo/driver/ HTTP/1.1" 200 41 "-" "PostmanRuntime/7.26.10"
::1 - - [20/Feb/2021:10:45:34 +0000] "GET /db/geo/driver/ HTTP/1.1" 200 41 "-" "PostmanRuntime/7.26.10"
::1 - - [20/Feb/2021:10:45:56 +0000] "GET /db/geo/driver/ HTTP/1.1" 200 41 "-" "PostmanRuntime/7.26.10"
::1 - - [20/Feb/2021:10:47:02 +0000] "GET /db/geo/driver/ HTTP/1.1" 500 1554 "-" "PostmanRuntime/7.26.10"
::1 - - [20/Feb/2021:10:47:56 +0000] "GET /db/geo/driver/ HTTP/1.1" 200 41 "-" "PostmanRuntime/7.26.10"
::1 - - [20/Feb/2021:10:49:10 +0000] "GET /db/geo/driver/ HTTP/1.1" 200 41 "-" "PostmanRuntime/7.26.10"
::1 - - [20/Feb/2021:10:49:59 +0000] "GET /db/geo/driver/ HTTP/1.1" 200 54 "-" "PostmanRuntime/7.26.10"
::1 - - [20/Feb/2021:10:51:04 +0000] "GET /db/geo/driver/ HTTP/1.1" 200 54 "-" "PostmanRuntime/7.26.10"
::1 - - [20/Feb/2021:10:51:12 +0000] "GET /db/geo/user/ HTTP/1.1" 200 55 "-" "PostmanRuntime/7.26.10"
::1 - - [20/Feb/2021:10:55:16 +0000] "GET /db/geo/driver/eth_address HTTP/1.1" 200 54 "-" "PostmanRuntime/7.26.10"
::1 - - [20/Feb/2021:11:01:17 +0000] "GET /db/geo/update/driver/eth_address HTTP/1.1" - - "-" "PostmanRuntime/7.26.10"
::1 - - [20/Feb/2021:11:17:47 +0000] "GET /db/geo/update/driver/eth_address HTTP/1.1" 404 171 "-" "PostmanRuntime/7.26.10"
::1 - - [20/Feb/2021:11:18:24 +0000] "PUT /db/geo/update/driver/eth_address HTTP/1.1" - - "-" "PostmanRuntime/7.26.10"
::1 - - [20/Feb/2021:11:20:29 +0000] "PUT /db/geo/update/driver/eth_address HTTP/1.1" - - "-" "PostmanRuntime/7.26.10"
::1 - - [20/Feb/2021:11:22:06 +0000] "PUT /db/geo/update/driver/eth_address HTTP/1.1" - - "-" "PostmanRuntime/7.26.10"
::1 - - [20/Feb/2021:11:26:39 +0000] "PUT /db/geo/update/user/eth_address HTTP/1.1" 200 49 "-" "PostmanRuntime/7.26.10"
::1 - - [20/Feb/2021:11:34:01 +0000] "PUT /db/geo/user/update/eth_address HTTP/1.1" 200 10 "-" "PostmanRuntime/7.26.10"
::1 - - [20/Feb/2021:11:34:29 +0000] "PUT /db/geo/user/update/eth_address HTTP/1.1" 200 49 "-" "PostmanRuntime/7.26.10"
::1 - - [20/Feb/2021:11:34:39 +0000] "PUT /db/geo/driver/update/eth_address HTTP/1.1" 200 51 "-" "PostmanRuntime/7.26.10"
::1 - - [20/Feb/2021:11:34:43 +0000] "GET /db/geo/driver/get/eth_address HTTP/1.1" 200 55 "-" "PostmanRuntime/7.26.10"
::1 - - [20/Feb/2021:11:34:47 +0000] "GET /db/geo/user/get/eth_address HTTP/1.1" 200 54 "-" "PostmanRuntime/7.26.10"
::1 - - [20/Feb/2021:11:36:33 +0000] "PUT /db/geo/driver/update/test HTTP/1.1" 200 51 "-" "PostmanRuntime/7.26.10"
